<?xml version="1.0" encoding="UTF-8"?>
<testsuite xmlns:xsi="http://www.w3.org/2001/XMLSchema-instance" xsi:noNamespaceSchemaLocation="https://maven.apache.org/surefire/maven-surefire-plugin/xsd/surefire-test-report-3.0.xsd" version="3.0" name="com.apys.learning.dao.StudentDAOImplTest" time="0.745" tests="3" errors="0" skipped="0" failures="0">
  <properties>
    <property name="sun.desktop" value="windows"/>
    <property name="awt.toolkit" value="sun.awt.windows.WToolkit"/>
    <property name="file.encoding.pkg" value="sun.io"/>
    <property name="java.specification.version" value="1.8"/>
    <property name="sun.cpu.isalist" value="amd64"/>
    <property name="sun.jnu.encoding" value="Cp1251"/>
    <property name="java.class.path" value="E:\!WORK\Java\student-project\student-project\target\test-classes;E:\!WORK\Java\student-project\student-project\target\classes;C:\Users\tums\.m2\repository\org\postgresql\postgresql\42.6.0\postgresql-42.6.0.jar;C:\Users\tums\.m2\repository\org\checkerframework\checker-qual\3.31.0\checker-qual-3.31.0.jar;C:\Users\tums\.m2\repository\org\slf4j\slf4j-api\1.7.25\slf4j-api-1.7.25.jar;C:\Users\tums\.m2\repository\org\slf4j\slf4j-log4j12\1.7.25\slf4j-log4j12-1.7.25.jar;C:\Users\tums\.m2\repository\log4j\log4j\1.2.17\log4j-1.2.17.jar;C:\Users\tums\.m2\repository\org\apache\logging\log4j\log4j-core\2.11.1\log4j-core-2.11.1.jar;C:\Users\tums\.m2\repository\org\apache\logging\log4j\log4j-api\2.11.1\log4j-api-2.11.1.jar;C:\Users\tums\.m2\repository\org\glassfish\jersey\core\jersey-client\2.28\jersey-client-2.28.jar;C:\Users\tums\.m2\repository\jakarta\ws\rs\jakarta.ws.rs-api\2.1.5\jakarta.ws.rs-api-2.1.5.jar;C:\Users\tums\.m2\repository\org\glassfish\jersey\core\jersey-common\2.28\jersey-common-2.28.jar;C:\Users\tums\.m2\repository\jakarta\annotation\jakarta.annotation-api\1.3.4\jakarta.annotation-api-1.3.4.jar;C:\Users\tums\.m2\repository\org\glassfish\hk2\osgi-resource-locator\1.0.1\osgi-resource-locator-1.0.1.jar;C:\Users\tums\.m2\repository\org\glassfish\hk2\external\jakarta.inject\2.5.0\jakarta.inject-2.5.0.jar;C:\Users\tums\.m2\repository\org\glassfish\jersey\inject\jersey-hk2\2.28\jersey-hk2-2.28.jar;C:\Users\tums\.m2\repository\org\glassfish\hk2\hk2-locator\2.5.0\hk2-locator-2.5.0.jar;C:\Users\tums\.m2\repository\org\glassfish\hk2\external\aopalliance-repackaged\2.5.0\aopalliance-repackaged-2.5.0.jar;C:\Users\tums\.m2\repository\org\glassfish\hk2\hk2-api\2.5.0\hk2-api-2.5.0.jar;C:\Users\tums\.m2\repository\org\glassfish\hk2\hk2-utils\2.5.0\hk2-utils-2.5.0.jar;C:\Users\tums\.m2\repository\org\javassist\javassist\3.22.0-CR2\javassist-3.22.0-CR2.jar;C:\Users\tums\.m2\repository\org\glassfish\jersey\media\jersey-media-moxy\2.28\jersey-media-moxy-2.28.jar;C:\Users\tums\.m2\repository\org\glassfish\jersey\ext\jersey-entity-filtering\2.28\jersey-entity-filtering-2.28.jar;C:\Users\tums\.m2\repository\jakarta\json\jakarta.json-api\1.1.5\jakarta.json-api-1.1.5.jar;C:\Users\tums\.m2\repository\org\glassfish\jakarta.json\1.1.5\jakarta.json-1.1.5.jar;C:\Users\tums\.m2\repository\org\eclipse\persistence\org.eclipse.persistence.moxy\2.7.4\org.eclipse.persistence.moxy-2.7.4.jar;C:\Users\tums\.m2\repository\org\eclipse\persistence\org.eclipse.persistence.core\2.7.4\org.eclipse.persistence.core-2.7.4.jar;C:\Users\tums\.m2\repository\org\eclipse\persistence\org.eclipse.persistence.asm\2.7.4\org.eclipse.persistence.asm-2.7.4.jar;C:\Users\tums\.m2\repository\javax\xml\bind\jaxb-api\2.3.1\jaxb-api-2.3.1.jar;C:\Users\tums\.m2\repository\javax\activation\javax.activation-api\1.2.0\javax.activation-api-1.2.0.jar;C:\Users\tums\.m2\repository\junit\junit\4.13.2\junit-4.13.2.jar;C:\Users\tums\.m2\repository\org\hamcrest\hamcrest-core\1.3\hamcrest-core-1.3.jar;"/>
    <property name="java.vm.vendor" value="Oracle Corporation"/>
    <property name="sun.arch.data.model" value="64"/>
    <property name="user.variant" value=""/>
    <property name="java.vendor.url" value="http://java.oracle.com/"/>
    <property name="user.timezone" value="Asia/Tbilisi"/>
    <property name="java.vm.specification.version" value="1.8"/>
    <property name="os.name" value="Windows 10"/>
    <property name="user.country" value="RU"/>
    <property name="sun.java.launcher" value="SUN_STANDARD"/>
    <property name="sun.boot.library.path" value="C:\Program Files\Java\jdk1.8.0_66\jre\bin"/>
    <property name="sun.java.command" value="C:\Users\tums\AppData\Local\Temp\surefire5279071655486330906\surefirebooter-20230702162052781_3.jar C:\Users\tums\AppData\Local\Temp\surefire5279071655486330906 2023-07-02T16-20-51_861-jvmRun1 surefire-20230702162052781_1tmp surefire_0-20230702162052781_2tmp"/>
    <property name="surefire.test.class.path" value="E:\!WORK\Java\student-project\student-project\target\test-classes;E:\!WORK\Java\student-project\student-project\target\classes;C:\Users\tums\.m2\repository\org\postgresql\postgresql\42.6.0\postgresql-42.6.0.jar;C:\Users\tums\.m2\repository\org\checkerframework\checker-qual\3.31.0\checker-qual-3.31.0.jar;C:\Users\tums\.m2\repository\org\slf4j\slf4j-api\1.7.25\slf4j-api-1.7.25.jar;C:\Users\tums\.m2\repository\org\slf4j\slf4j-log4j12\1.7.25\slf4j-log4j12-1.7.25.jar;C:\Users\tums\.m2\repository\log4j\log4j\1.2.17\log4j-1.2.17.jar;C:\Users\tums\.m2\repository\org\apache\logging\log4j\log4j-core\2.11.1\log4j-core-2.11.1.jar;C:\Users\tums\.m2\repository\org\apache\logging\log4j\log4j-api\2.11.1\log4j-api-2.11.1.jar;C:\Users\tums\.m2\repository\org\glassfish\jersey\core\jersey-client\2.28\jersey-client-2.28.jar;C:\Users\tums\.m2\repository\jakarta\ws\rs\jakarta.ws.rs-api\2.1.5\jakarta.ws.rs-api-2.1.5.jar;C:\Users\tums\.m2\repository\org\glassfish\jersey\core\jersey-common\2.28\jersey-common-2.28.jar;C:\Users\tums\.m2\repository\jakarta\annotation\jakarta.annotation-api\1.3.4\jakarta.annotation-api-1.3.4.jar;C:\Users\tums\.m2\repository\org\glassfish\hk2\osgi-resource-locator\1.0.1\osgi-resource-locator-1.0.1.jar;C:\Users\tums\.m2\repository\org\glassfish\hk2\external\jakarta.inject\2.5.0\jakarta.inject-2.5.0.jar;C:\Users\tums\.m2\repository\org\glassfish\jersey\inject\jersey-hk2\2.28\jersey-hk2-2.28.jar;C:\Users\tums\.m2\repository\org\glassfish\hk2\hk2-locator\2.5.0\hk2-locator-2.5.0.jar;C:\Users\tums\.m2\repository\org\glassfish\hk2\external\aopalliance-repackaged\2.5.0\aopalliance-repackaged-2.5.0.jar;C:\Users\tums\.m2\repository\org\glassfish\hk2\hk2-api\2.5.0\hk2-api-2.5.0.jar;C:\Users\tums\.m2\repository\org\glassfish\hk2\hk2-utils\2.5.0\hk2-utils-2.5.0.jar;C:\Users\tums\.m2\repository\org\javassist\javassist\3.22.0-CR2\javassist-3.22.0-CR2.jar;C:\Users\tums\.m2\repository\org\glassfish\jersey\media\jersey-media-moxy\2.28\jersey-media-moxy-2.28.jar;C:\Users\tums\.m2\repository\org\glassfish\jersey\ext\jersey-entity-filtering\2.28\jersey-entity-filtering-2.28.jar;C:\Users\tums\.m2\repository\jakarta\json\jakarta.json-api\1.1.5\jakarta.json-api-1.1.5.jar;C:\Users\tums\.m2\repository\org\glassfish\jakarta.json\1.1.5\jakarta.json-1.1.5.jar;C:\Users\tums\.m2\repository\org\eclipse\persistence\org.eclipse.persistence.moxy\2.7.4\org.eclipse.persistence.moxy-2.7.4.jar;C:\Users\tums\.m2\repository\org\eclipse\persistence\org.eclipse.persistence.core\2.7.4\org.eclipse.persistence.core-2.7.4.jar;C:\Users\tums\.m2\repository\org\eclipse\persistence\org.eclipse.persistence.asm\2.7.4\org.eclipse.persistence.asm-2.7.4.jar;C:\Users\tums\.m2\repository\javax\xml\bind\jaxb-api\2.3.1\jaxb-api-2.3.1.jar;C:\Users\tums\.m2\repository\javax\activation\javax.activation-api\1.2.0\javax.activation-api-1.2.0.jar;C:\Users\tums\.m2\repository\junit\junit\4.13.2\junit-4.13.2.jar;C:\Users\tums\.m2\repository\org\hamcrest\hamcrest-core\1.3\hamcrest-core-1.3.jar;"/>
    <property name="sun.cpu.endian" value="little"/>
    <property name="user.home" value="C:\Users\tums"/>
    <property name="user.language" value="ru"/>
    <property name="java.specification.vendor" value="Oracle Corporation"/>
    <property name="java.home" value="C:\Program Files\Java\jdk1.8.0_66\jre"/>
    <property name="basedir" value="E:\!WORK\Java\student-project\student-project"/>
    <property name="file.separator" value="\"/>
    <property name="line.separator" value="&#10;"/>
    <property name="java.vm.specification.vendor" value="Oracle Corporation"/>
    <property name="java.specification.name" value="Java Platform API Specification"/>
    <property name="java.awt.graphicsenv" value="sun.awt.Win32GraphicsEnvironment"/>
    <property name="surefire.real.class.path" value="C:\Users\tums\AppData\Local\Temp\surefire5279071655486330906\surefirebooter-20230702162052781_3.jar"/>
    <property name="sun.boot.class.path" value="C:\Program Files\Java\jdk1.8.0_66\jre\lib\resources.jar;C:\Program Files\Java\jdk1.8.0_66\jre\lib\rt.jar;C:\Program Files\Java\jdk1.8.0_66\jre\lib\sunrsasign.jar;C:\Program Files\Java\jdk1.8.0_66\jre\lib\jsse.jar;C:\Program Files\Java\jdk1.8.0_66\jre\lib\jce.jar;C:\Program Files\Java\jdk1.8.0_66\jre\lib\charsets.jar;C:\Program Files\Java\jdk1.8.0_66\jre\lib\jfr.jar;C:\Program Files\Java\jdk1.8.0_66\jre\classes"/>
    <property name="user.script" value=""/>
    <property name="sun.management.compiler" value="HotSpot 64-Bit Tiered Compilers"/>
    <property name="java.runtime.version" value="1.8.0_66-b18"/>
    <property name="user.name" value="tums"/>
    <property name="path.separator" value=";"/>
    <property name="os.version" value="10.0"/>
    <property name="java.endorsed.dirs" value="C:\Program Files\Java\jdk1.8.0_66\jre\lib\endorsed"/>
    <property name="java.runtime.name" value="Java(TM) SE Runtime Environment"/>
    <property name="file.encoding" value="Cp1251"/>
    <property name="java.vm.name" value="Java HotSpot(TM) 64-Bit Server VM"/>
    <property name="localRepository" value="C:\Users\tums\.m2\repository"/>
    <property name="java.vendor.url.bug" value="http://bugreport.sun.com/bugreport/"/>
    <property name="java.io.tmpdir" value="C:\Users\tums\AppData\Local\Temp\"/>
    <property name="java.version" value="1.8.0_66"/>
    <property name="user.dir" value="E:\!WORK\Java\student-project\student-project"/>
    <property name="os.arch" value="amd64"/>
    <property name="java.vm.specification.name" value="Java Virtual Machine Specification"/>
    <property name="java.awt.printerjob" value="sun.awt.windows.WPrinterJob"/>
    <property name="sun.os.patch.level" value=""/>
    <property name="java.library.path" value="C:\Program Files\Java\jdk1.8.0_66\jre\bin;C:\WINDOWS\Sun\Java\bin;C:\WINDOWS\system32;C:\WINDOWS;C:\Program Files\Git\cmd;C:\Program Files\Common Files\Oracle\Java\javapath;C:\Program Files (x86)\Common Files\Oracle\Java\javapath;C:\Program Files\Java\jdk1.8.0_66\bin;C:\ProgramData\Oracle\Java\javapath;C:\Program Files (x86)\NVIDIA Corporation\PhysX\Common;C:\WINDOWS\system32;C:\WINDOWS;C:\WINDOWS\System32\Wbem;C:\WINDOWS\System32\WindowsPowerShell\v1.0\;C:\Program Files\Intel\WiFi\bin\;C:\Program Files\Common Files\Intel\WirelessCommon\;C:\WINDOWS\System32\OpenSSH\;C:\Program Files\PuTTY\;C:\Program Files\1C\1CE\components\1c-enterprise-ring-0.11.10+2-x86_64;C:\Program Files\dotnet\;D:\apache-maven-3.9.2\bin;C:\Program Files\Git\cmd;C:\Program Files\Git\bin;C:\Program Files (x86)\Far;C:\Users\tums\AppData\Local\Microsoft\WindowsApps;C:\Users\tums\AppData\Local\Microsoft\WindowsApps;."/>
    <property name="java.vm.info" value="mixed mode"/>
    <property name="java.vendor" value="Oracle Corporation"/>
    <property name="java.vm.version" value="25.66-b18"/>
    <property name="java.ext.dirs" value="C:\Program Files\Java\jdk1.8.0_66\jre\lib\ext;C:\WINDOWS\Sun\Java\lib\ext"/>
    <property name="sun.io.unicode.encoding" value="UnicodeLittle"/>
    <property name="java.class.version" value="52.0"/>
  </properties>
  <testcase name="saveStudentOrder" classname="com.apys.learning.dao.StudentDAOImplTest" time="0.222">
    <system-out><![CDATA[Start Up
]]></system-out>
  </testcase>
  <testcase name="saveStudentOrderError" classname="com.apys.learning.dao.StudentDAOImplTest" time="0.164"/>
  <testcase name="getStudentOrders" classname="com.apys.learning.dao.StudentDAOImplTest" time="0.16"/>
</testsuite>